0 info it worked if it ends with ok
1 verbose cli [ 'C:\\Program Files\\nodejs\\node.exe',
1 verbose cli   'C:\\Users\\Pablo de Yzaguirre\\AppData\\Roaming\\npm\\node_modules\\npm\\bin\\npm-cli.js',
1 verbose cli   'run',
1 verbose cli   'build-css' ]
2 info using npm@3.10.10
3 info using node@v10.16.0
4 verbose run-script [ 'prebuild-css', 'build-css', 'postbuild-css' ]
5 info lifecycle starter@1.0.0~prebuild-css: starter@1.0.0
6 silly lifecycle starter@1.0.0~prebuild-css: no script for prebuild-css, continuing
7 info lifecycle starter@1.0.0~build-css: starter@1.0.0
8 verbose lifecycle starter@1.0.0~build-css: unsafe-perm in lifecycle true
9 verbose lifecycle starter@1.0.0~build-css: PATH: C:\Users\Pablo de Yzaguirre\AppData\Roaming\npm\node_modules\npm\bin\node-gyp-bin;C:\Users\Pablo de Yzaguirre\Desktop\Courses\CSS\Natours\node_modules\.bin;C:\Program Files\Git\mingw64\bin;C:\Program Files\Git\usr\bin;C:\Users\Pablo de Yzaguirre\bin;C:\Windows\system32;C:\Windows;C:\Windows\System32\Wbem;C:\Windows\System32\WindowsPowerShell\v1.0;C:\Windows\System32\OpenSSH;C:\Program Files\Git\cmd;C:\Program Files\nodejs;C:\Program Files\MongoDB\Server\4.0\bin;C:\Users\Pablo de Yzaguirre\AppData\Local\Programs\Python\Python37\Scripts;C:\Users\Pablo de Yzaguirre\AppData\Local\Programs\Python\Python37;C:\Users\Pablo de Yzaguirre\AppData\Local\Microsoft\WindowsApps;C:\Users\Pablo de Yzaguirre\AppData\Local\Programs\Microsoft VS Code\bin;C:\Users\Pablo de Yzaguirre\AppData\Roaming\npm
10 verbose lifecycle starter@1.0.0~build-css: CWD: C:\Users\Pablo de Yzaguirre\Desktop\Courses\CSS\Natours
11 silly lifecycle starter@1.0.0~build-css: Args: [ '/d /s /c',
11 silly lifecycle   'node-sass --include-path scss sass/main.scss css/style.css -w' ]
12 silly lifecycle starter@1.0.0~build-css: Returned: code: 1  signal: null
13 info lifecycle starter@1.0.0~build-css: Failed to exec build-css script
14 verbose stack Error: starter@1.0.0 build-css: `node-sass --include-path scss sass/main.scss css/style.css -w`
14 verbose stack Exit status 1
14 verbose stack     at EventEmitter.<anonymous> (C:\Users\Pablo de Yzaguirre\AppData\Roaming\npm\node_modules\npm\lib\utils\lifecycle.js:255:16)
14 verbose stack     at EventEmitter.emit (events.js:198:13)
14 verbose stack     at ChildProcess.<anonymous> (C:\Users\Pablo de Yzaguirre\AppData\Roaming\npm\node_modules\npm\lib\utils\spawn.js:40:14)
14 verbose stack     at ChildProcess.emit (events.js:198:13)
14 verbose stack     at maybeClose (internal/child_process.js:982:16)
14 verbose stack     at Process.ChildProcess._handle.onexit (internal/child_process.js:259:5)
15 verbose pkgid starter@1.0.0
16 verbose cwd C:\Users\Pablo de Yzaguirre\Desktop\Courses\CSS\Natours
17 error Windows_NT 10.0.18362
18 error argv "C:\\Program Files\\nodejs\\node.exe" "C:\\Users\\Pablo de Yzaguirre\\AppData\\Roaming\\npm\\node_modules\\npm\\bin\\npm-cli.js" "run" "build-css"
19 error node v10.16.0
20 error npm  v3.10.10
21 error code ELIFECYCLE
22 error starter@1.0.0 build-css: `node-sass --include-path scss sass/main.scss css/style.css -w`
22 error Exit status 1
23 error Failed at the starter@1.0.0 build-css script 'node-sass --include-path scss sass/main.scss css/style.css -w'.
23 error Make sure you have the latest version of node.js and npm installed.
23 error If you do, this is most likely a problem with the starter package,
23 error not with npm itself.
23 error Tell the author that this fails on your system:
23 error     node-sass --include-path scss sass/main.scss css/style.css -w
23 error You can get information on how to open an issue for this project with:
23 error     npm bugs starter
23 error Or if that isn't available, you can get their info via:
23 error     npm owner ls starter
23 error There is likely additional logging output above.
24 verbose exit [ 1, true ]
